<?xml version="1.0" encoding="UTF-8"?>
<!-- Generated by org.testng.reporters.JUnitXMLReporter -->
<testsuite ignored="0" hostname="DESKTOP-T6DRP6P" failures="0" tests="4" name="Test" time="62.576" errors="0" timestamp="2025-03-15T15:26:29 IST">
  <testcase classname="testCases.OurProductsTestCases" name="AdvantageAddToCart" time="17.752"/>
  <testcase classname="testCases.OurProductsTestCases" name="AdvantageFilteredProduct" time="12.301"/>
  <testcase classname="testCases.OurProductsTestCases" name="AdvantageHoverAndPrintReview" time="8.309"/>
  <testcase classname="testCases.OurProductsTestCases" name="AdvantagePlayVideoAndVerifyPlayback" time="14.321"/>
</testsuite> <!-- Test -->
