<?xml version="1.0" encoding="UTF-8"?>
<testng-results ignored="0" total="4" passed="4" failed="0" skipped="0">
  <reporter-output>
  </reporter-output>
  <suite started-at="2025-03-15T15:25:26 IST" name="Suite" finished-at="2025-03-15T15:26:29 IST" duration-ms="62576">
    <groups>
    </groups>
    <test started-at="2025-03-15T15:25:26 IST" name="Test" finished-at="2025-03-15T15:26:29 IST" duration-ms="62576">
      <class name="testCases.OurProductsTestCases">
        <test-method is-config="true" signature="setup(java.lang.String)[pri:0, instance:testCases.OurProductsTestCases@69e1dd28]" started-at="2025-03-15T15:25:26 IST" name="setup" finished-at="2025-03-15T15:25:33 IST" duration-ms="6307" status="PASS">
          <params>
            <param index="0">
              <value>
                <![CDATA[chrome]]>
              </value>
            </param>
          </params>
          <reporter-output>
          </reporter-output>
        </test-method> <!-- setup -->
        <test-method signature="AdvantageAddToCart()[pri:0, instance:testCases.OurProductsTestCases@69e1dd28]" started-at="2025-03-15T15:25:33 IST" name="AdvantageAddToCart" finished-at="2025-03-15T15:25:50 IST" duration-ms="17752" status="PASS">
          <reporter-output>
          </reporter-output>
        </test-method> <!-- AdvantageAddToCart -->
        <test-method signature="AdvantageFilteredProduct()[pri:1, instance:testCases.OurProductsTestCases@69e1dd28]" started-at="2025-03-15T15:25:50 IST" name="AdvantageFilteredProduct" finished-at="2025-03-15T15:26:03 IST" duration-ms="12301" status="PASS">
          <reporter-output>
          </reporter-output>
        </test-method> <!-- AdvantageFilteredProduct -->
        <test-method signature="AdvantageHoverAndPrintReview()[pri:2, instance:testCases.OurProductsTestCases@69e1dd28]" started-at="2025-03-15T15:26:03 IST" name="AdvantageHoverAndPrintReview" finished-at="2025-03-15T15:26:11 IST" duration-ms="8309" status="PASS">
          <reporter-output>
          </reporter-output>
        </test-method> <!-- AdvantageHoverAndPrintReview -->
        <test-method signature="AdvantagePlayVideoAndVerifyPlayback()[pri:3, instance:testCases.OurProductsTestCases@69e1dd28]" started-at="2025-03-15T15:26:11 IST" name="AdvantagePlayVideoAndVerifyPlayback" finished-at="2025-03-15T15:26:25 IST" duration-ms="14321" status="PASS">
          <reporter-output>
          </reporter-output>
        </test-method> <!-- AdvantagePlayVideoAndVerifyPlayback -->
        <test-method is-config="true" signature="tearDown()[pri:0, instance:testCases.OurProductsTestCases@69e1dd28]" started-at="2025-03-15T15:26:25 IST" name="tearDown" finished-at="2025-03-15T15:26:29 IST" duration-ms="3452" status="PASS">
          <reporter-output>
          </reporter-output>
        </test-method> <!-- tearDown -->
      </class> <!-- testCases.OurProductsTestCases -->
    </test> <!-- Test -->
  </suite> <!-- Suite -->
</testng-results>
